<?xml version="1.0" encoding="UTF-8"?>
<Site BuildName="(empty)"
	BuildStamp="20250617-0010-Experimental"
	Name="ph504-VirtualBox"
	Generator="ctest-3.10.2"
	CompilerName="/usr/bin/g++"
	CompilerVersion="7.5.0"
	OSName="Linux"
	Hostname="ph504-VirtualBox"
	OSRelease="5.4.0-150-generic"
	OSVersion="#167~18.04.1-Ubuntu SMP Wed May 24 00:51:42 UTC 2023"
	OSPlatform="x86_64"
	Is64Bits="1"
	VendorString="GenuineIntel"
	VendorID="Intel Corporation"
	FamilyID="6"
	ModelID="186"
	ProcessorCacheSize="24576"
	NumberOfLogicalCPU="4"
	NumberOfPhysicalCPU="4"
	TotalVirtualMemory="1186"
	TotalPhysicalMemory="3931"
	LogicalProcessorsPerPhysical="1"
	ProcessorClockFrequency="2918.4"
	>
	<Testing>
		<StartDateTime>Jun 16 21:10 ADT</StartDateTime>
		<StartTestTime>1750119043</StartTestTime>
		<TestList/>
		<EndDateTime>Jun 16 21:10 ADT</EndDateTime>
		<EndTestTime>1750119043</EndTestTime>
		<ElapsedMinutes>0</ElapsedMinutes>
	</Testing>
</Site>
